<?xml version="1.0" encoding="UTF-8"?>
<testsuite xmlns:xsi="http://www.w3.org/2001/XMLSchema-instance" xsi:noNamespaceSchemaLocation="https://maven.apache.org/surefire/maven-surefire-plugin/xsd/surefire-test-report-3.0.xsd" version="3.0" name="MyTest" time="0.326" tests="24" errors="0" skipped="0" failures="0">
  <properties>
    <property name="java.specification.version" value="25"/>
    <property name="sun.cpu.isalist" value="amd64"/>
    <property name="sun.jnu.encoding" value="Cp1252"/>
    <property name="java.class.path" value="F:\Projects\JUNIT_JAVA_Testing\registration\target\test-classes;F:\Projects\JUNIT_JAVA_Testing\registration\target\classes;C:\Users\nanda\.m2\repository\org\junit\jupiter\junit-jupiter-api\5.10.1\junit-jupiter-api-5.10.1.jar;C:\Users\nanda\.m2\repository\org\opentest4j\opentest4j\1.3.0\opentest4j-1.3.0.jar;C:\Users\nanda\.m2\repository\org\junit\platform\junit-platform-commons\1.10.1\junit-platform-commons-1.10.1.jar;C:\Users\nanda\.m2\repository\org\apiguardian\apiguardian-api\1.1.2\apiguardian-api-1.1.2.jar;C:\Users\nanda\.m2\repository\org\junit\jupiter\junit-jupiter-params\5.9.3\junit-jupiter-params-5.9.3.jar;C:\Users\nanda\.m2\repository\junit\junit\4.13.2\junit-4.13.2.jar;C:\Users\nanda\.m2\repository\org\hamcrest\hamcrest-core\1.3\hamcrest-core-1.3.jar;"/>
    <property name="java.vm.vendor" value="Oracle Corporation"/>
    <property name="sun.arch.data.model" value="64"/>
    <property name="user.variant" value=""/>
    <property name="java.vendor.url" value="https://java.oracle.com/"/>
    <property name="user.timezone" value="Asia/Calcutta"/>
    <property name="os.name" value="Windows 11"/>
    <property name="java.vm.specification.version" value="25"/>
    <property name="user.country" value="IN"/>
    <property name="sun.java.launcher" value="SUN_STANDARD"/>
    <property name="sun.boot.library.path" value="C:\oracleJdk-25\bin"/>
    <property name="sun.java.command" value="C:\Users\nanda\AppData\Local\Temp\surefire7693086449896315655\surefirebooter-20251019101540718_3.jar C:\Users\nanda\AppData\Local\Temp\surefire7693086449896315655 2025-10-19T10-15-35_547-jvmRun1 surefire-20251019101540718_1tmp surefire_0-20251019101540718_2tmp"/>
    <property name="jdk.debug" value="release"/>
    <property name="test" value="MyTest"/>
    <property name="surefire.test.class.path" value="F:\Projects\JUNIT_JAVA_Testing\registration\target\test-classes;F:\Projects\JUNIT_JAVA_Testing\registration\target\classes;C:\Users\nanda\.m2\repository\org\junit\jupiter\junit-jupiter-api\5.10.1\junit-jupiter-api-5.10.1.jar;C:\Users\nanda\.m2\repository\org\opentest4j\opentest4j\1.3.0\opentest4j-1.3.0.jar;C:\Users\nanda\.m2\repository\org\junit\platform\junit-platform-commons\1.10.1\junit-platform-commons-1.10.1.jar;C:\Users\nanda\.m2\repository\org\apiguardian\apiguardian-api\1.1.2\apiguardian-api-1.1.2.jar;C:\Users\nanda\.m2\repository\org\junit\jupiter\junit-jupiter-params\5.9.3\junit-jupiter-params-5.9.3.jar;C:\Users\nanda\.m2\repository\junit\junit\4.13.2\junit-4.13.2.jar;C:\Users\nanda\.m2\repository\org\hamcrest\hamcrest-core\1.3\hamcrest-core-1.3.jar;"/>
    <property name="sun.cpu.endian" value="little"/>
    <property name="user.home" value="C:\Users\nanda"/>
    <property name="user.language" value="en"/>
    <property name="java.specification.vendor" value="Oracle Corporation"/>
    <property name="java.version.date" value="2025-09-16"/>
    <property name="java.home" value="C:\oracleJdk-25"/>
    <property name="file.separator" value="\"/>
    <property name="basedir" value="F:\Projects\JUNIT_JAVA_Testing\registration"/>
    <property name="java.vm.compressedOopsMode" value="Zero based"/>
    <property name="line.separator" value="&#10;"/>
    <property name="java.vm.specification.vendor" value="Oracle Corporation"/>
    <property name="java.specification.name" value="Java Platform API Specification"/>
    <property name="surefire.real.class.path" value="C:\Users\nanda\AppData\Local\Temp\surefire7693086449896315655\surefirebooter-20251019101540718_3.jar"/>
    <property name="user.script" value=""/>
    <property name="sun.management.compiler" value="HotSpot 64-Bit Tiered Compilers"/>
    <property name="java.runtime.version" value="25+37-LTS-3491"/>
    <property name="user.name" value="ACER"/>
    <property name="stdout.encoding" value="Cp1252"/>
    <property name="path.separator" value=";"/>
    <property name="os.version" value="10.0"/>
    <property name="java.runtime.name" value="Java(TM) SE Runtime Environment"/>
    <property name="file.encoding" value="UTF-8"/>
    <property name="java.vm.name" value="Java HotSpot(TM) 64-Bit Server VM"/>
    <property name="maven.ext.class.path" value="C:\Users\nanda\.vscode\extensions\oracle.oracle-java-24.1.2\nbcode\java\maven-nblib\netbeans-eventspy.jar"/>
    <property name="localRepository" value="C:\Users\nanda\.m2\repository"/>
    <property name="java.vendor.url.bug" value="https://bugreport.java.com/bugreport/"/>
    <property name="java.io.tmpdir" value="C:\Users\nanda\AppData\Local\Temp\"/>
    <property name="java.version" value="25"/>
    <property name="user.dir" value="F:\Projects\JUNIT_JAVA_Testing\registration"/>
    <property name="os.arch" value="amd64"/>
    <property name="java.vm.specification.name" value="Java Virtual Machine Specification"/>
    <property name="sun.os.patch.level" value=""/>
    <property name="native.encoding" value="Cp1252"/>
    <property name="java.library.path" value="C:\oracleJdk-25\bin;C:\Windows\Sun\Java\bin;C:\Windows\system32;C:\Windows;C:\Users\nanda\anaconda3\condabin;C:\Program Files\NVIDIA GPU Computing Toolkit\CUDA\v12.6\bin;C:\Program Files\NVIDIA GPU Computing Toolkit\CUDA\v12.6\libnvvp;C:\Program Files\Eclipse Adoptium\jdk-21.0.6.7-hotspot\bin;C:\Windows\system32;C:\Windows;C:\Windows\System32\Wbem;C:\Windows\System32\WindowsPowerShell\v1.0\;C:\Windows\System32\OpenSSH\;C:\Program Files\dotnet\;C:\Program Files (x86)\NVIDIA Corporation\PhysX\Common;C:\Program Files\Git\cmd;C:\Program Files\NVIDIA Corporation\NVIDIA NvDLISR;sqlite-src-3490100;C:\msys64\mingw64\bin;C:\Program Files\NVIDIA Corporation\Nsight Compute 2024.3.0\;C:\Users\nanda\anaconda3;C:\Users\nanda\anaconda3\Scripts;C:\Program Files\CMake\bin;C:\Program Files\nodejs\;C:\Users\nanda\anaconda3;C:\Users\nanda\anaconda3\Library\mingw-w64\bin;C:\Users\nanda\anaconda3\Library\usr\bin;C:\Users\nanda\anaconda3\Library\bin;C:\Users\nanda\anaconda3\Scripts;C:\Users\nanda\AppData\Local\Programs\Python\Launcher\;C:\Users\nanda\AppData\Local\Microsoft\WindowsApps;C:\Users\nanda\AppData\Local\Programs\Microsoft VS Code\bin;C:\Program Files\Git\bin;C:\Users\nanda\AppData\Local\Programs\Ollama;C:\sqlite-src-3490100;C:\Program Files\JetBrains\IntelliJ IDEA Community Edition 2024.3.4.1\bin;;C:\Users\nanda\Downloads\msys2-x86_64-20241208.exe;C:\msys64\ucrt64\bin\g++.exe;C:\msys64\mingw64\bin\g++.exe;C:\msys64\ucrt64\bin\g++.exe;C:\msys64\mingw64\bin\g++.exe;C:\Users\nanda\AppData\Roaming\npm;C:\Users\nanda\Downloads\node-v22.20.0-x64.msi;;."/>
    <property name="java.vm.info" value="mixed mode, sharing"/>
    <property name="stderr.encoding" value="Cp1252"/>
    <property name="java.vendor" value="Oracle Corporation"/>
    <property name="java.vm.version" value="25+37-LTS-3491"/>
    <property name="stdin.encoding" value="Cp1252"/>
    <property name="sun.io.unicode.encoding" value="UnicodeLittle"/>
    <property name="java.class.version" value="69.0"/>
  </properties>
  <testcase name="testFailValidateFirstName" classname="MyTest" time="0.027">
    <system-out><![CDATA[Before Class Execution once before all tests
Before Test Execution
Invalid first name
After executed after each test
]]></system-out>
  </testcase>
  <testcase name="testFailValidateLastName" classname="MyTest" time="0.003">
    <system-out><![CDATA[Before Test Execution
Invalid last name
After executed after each test
]]></system-out>
  </testcase>
  <testcase name="testFailValidateMobileNumber" classname="MyTest" time="0.003">
    <system-out><![CDATA[Before Test Execution
Invalid mobile number
After executed after each test
]]></system-out>
  </testcase>
  <testcase name="testValidatePassword" classname="MyTest" time="0.004">
    <system-out><![CDATA[Before Test Execution
Valid password
After executed after each test
]]></system-out>
  </testcase>
  <testcase name="testValidateFirstName" classname="MyTest" time="0.004">
    <system-out><![CDATA[Before Test Execution
Valid first name
After executed after each test
]]></system-out>
  </testcase>
  <testcase name="testValidateLastName" classname="MyTest" time="0.003">
    <system-out><![CDATA[Before Test Execution
Valid last name
After executed after each test
]]></system-out>
  </testcase>
  <testcase name="testFailValidateEmail" classname="MyTest" time="0.004">
    <system-out><![CDATA[Before Test Execution
Invalid email
After executed after each test
]]></system-out>
  </testcase>
  <testcase name="testFailValidateEmail(String)[1]" classname="MyTest" time="0.06">
    <system-out><![CDATA[Before Test Execution
Invalid email
After executed after each test
]]></system-out>
  </testcase>
  <testcase name="testFailValidateEmail(String)[2]" classname="MyTest" time="0.011">
    <system-out><![CDATA[Before Test Execution
Invalid email
After executed after each test
]]></system-out>
  </testcase>
  <testcase name="testFailValidateEmail(String)[3]" classname="MyTest" time="0.005">
    <system-out><![CDATA[Before Test Execution
Invalid email
After executed after each test
]]></system-out>
  </testcase>
  <testcase name="testFailValidateEmail(String)[4]" classname="MyTest" time="0.004">
    <system-out><![CDATA[Before Test Execution
Invalid email
After executed after each test
]]></system-out>
  </testcase>
  <testcase name="testFailValidateEmail(String)[5]" classname="MyTest" time="0.005">
    <system-out><![CDATA[Before Test Execution
Invalid email
After executed after each test
]]></system-out>
  </testcase>
  <testcase name="testFailValidateEmail(String)[6]" classname="MyTest" time="0.005">
    <system-out><![CDATA[Before Test Execution
Invalid email
After executed after each test
]]></system-out>
  </testcase>
  <testcase name="testFailValidateEmail(String)[7]" classname="MyTest" time="0.004">
    <system-out><![CDATA[Before Test Execution
Invalid email
After executed after each test
]]></system-out>
  </testcase>
  <testcase name="testFailValidateEmail(String)[8]" classname="MyTest" time="0.002">
    <system-out><![CDATA[Before Test Execution
Invalid email
After executed after each test
]]></system-out>
  </testcase>
  <testcase name="testFailValidateEmail(String)[9]" classname="MyTest" time="0.002">
    <system-out><![CDATA[Before Test Execution
Invalid email
After executed after each test
]]></system-out>
  </testcase>
  <testcase name="testValidateEmail" classname="MyTest" time="0.003">
    <system-out><![CDATA[Before Test Execution
Valid email
After executed after each test
]]></system-out>
  </testcase>
  <testcase name="testValidateEmail(String)[1]" classname="MyTest" time="0.005">
    <system-out><![CDATA[Before Test Execution
Valid email
After executed after each test
]]></system-out>
  </testcase>
  <testcase name="testValidateEmail(String)[2]" classname="MyTest" time="0.003">
    <system-out><![CDATA[Before Test Execution
Valid email
After executed after each test
]]></system-out>
  </testcase>
  <testcase name="testValidateEmail(String)[3]" classname="MyTest" time="0.002">
    <system-out><![CDATA[Before Test Execution
Valid email
After executed after each test
]]></system-out>
  </testcase>
  <testcase name="testValidateEmail(String)[4]" classname="MyTest" time="0.006">
    <system-out><![CDATA[Before Test Execution
Valid email
After executed after each test
]]></system-out>
  </testcase>
  <testcase name="testValidateEmail(String)[5]" classname="MyTest" time="0.004">
    <system-out><![CDATA[Before Test Execution
Valid email
After executed after each test
]]></system-out>
  </testcase>
  <testcase name="testFailValidatePassword" classname="MyTest" time="0.004">
    <system-out><![CDATA[Before Test Execution
Invalid password
After executed after each test
]]></system-out>
  </testcase>
  <testcase name="testValidateMobileNumber" classname="MyTest" time="0.003">
    <system-out><![CDATA[Before Test Execution
Valid mobile number
After executed after each test
]]></system-out>
  </testcase>
</testsuite>